#
# There is insufficient memory for the Java Runtime Environment to continue.
# Native memory allocation (mmap) failed to map 65536 bytes for Failed to commit metaspace.
# Possible reasons:
#   The system is out of physical RAM or swap space
#   The process is running with CompressedOops enabled, and the Java Heap may be blocking the growth of the native heap
# Possible solutions:
#   Reduce memory load on the system
#   Increase physical memory or swap space
#   Check if swap backing store is full
#   Decrease Java heap size (-Xmx/-Xms)
#   Decrease number of Java threads
#   Decrease Java thread stack sizes (-Xss)
#   Set larger code cache with -XX:ReservedCodeCacheSize=
#   JVM is running with Unscaled Compressed Oops mode in which the Java heap is
#     placed in the first 4GB address space. The Java Heap base address is the
#     maximum limit for the native heap growth. Please use -XX:HeapBaseMinAddress
#     to set the Java Heap base and to place the Java Heap above 4GB virtual address.
# This output file may be truncated or incomplete.
#
#  Out of Memory Error (virtualSpaceNode.cpp:110), pid=19284, tid=16256
#
# JRE version: OpenJDK Runtime Environment (20.0.1+9) (build 20.0.1+9-29)
# Java VM: OpenJDK 64-Bit Server VM (20.0.1+9-29, mixed mode, sharing, tiered, compressed oops, compressed class ptrs, g1 gc, windows-amd64)
# No core dump will be written. Minidumps are not enabled by default on client versions of Windows
#

---------------  S U M M A R Y ------------

Command Line: -javaagent:C:\Program Files\JetBrains\IntelliJ IDEA Community Edition 2023.1\lib\idea_rt.jar=61078:C:\Program Files\JetBrains\IntelliJ IDEA Community Edition 2023.1\bin -Dfile.encoding=UTF-8 -Dsun.stdout.encoding=UTF-8 -Dsun.stderr.encoding=UTF-8 day01_DriverMethods.C01_Driver

Host: Intel(R) Core(TM) i3-1005G1 CPU @ 1.20GHz, 4 cores, 3G,  Windows 11 , 64 bit Build 22621 (10.0.22621.1928)
Time: Mon Aug  7 14:05:57 2023 Türkiye Standart Saati elapsed time: 0.811543 seconds (0d 0h 0m 0s)

---------------  T H R E A D  ---------------

Current thread (0x000001c45cfe6bb0):  JavaThread "main" [_thread_in_vm, id=16256, stack(0x000000ad63d00000,0x000000ad63e00000)]

Stack: [0x000000ad63d00000,0x000000ad63e00000]
Native frames: (J=compiled Java code, j=interpreted, Vv=VM code, C=native code)
V  [jvm.dll+0x6bb95a]
V  [jvm.dll+0x8485fa]
V  [jvm.dll+0x84a1f5]
V  [jvm.dll+0x84a8f3]
V  [jvm.dll+0x280b0f]
V  [jvm.dll+0x84453b]
V  [jvm.dll+0x65fd86]
V  [jvm.dll+0x1eb4e7]
V  [jvm.dll+0x6627a2]
V  [jvm.dll+0x66258e]
V  [jvm.dll+0x66079e]
V  [jvm.dll+0x66ae17]
V  [jvm.dll+0x21b442]
V  [jvm.dll+0x21b975]
V  [jvm.dll+0x21c361]
V  [jvm.dll+0x211780]
V  [jvm.dll+0x59c26c]
V  [jvm.dll+0x7c3693]
V  [jvm.dll+0x7c3774]
V  [jvm.dll+0x46c524]
V  [jvm.dll+0x471a88]
C  [java.dll+0x17ec]

Java frames: (J=compiled Java code, j=interpreted, Vv=VM code)
j  java.lang.ClassLoader.defineClass1(Ljava/lang/ClassLoader;Ljava/lang/String;[BIILjava/security/ProtectionDomain;Ljava/lang/String;)Ljava/lang/Class;+0 java.base@20.0.1
j  java.lang.ClassLoader.defineClass(Ljava/lang/String;[BIILjava/security/ProtectionDomain;)Ljava/lang/Class;+27 java.base@20.0.1
j  java.security.SecureClassLoader.defineClass(Ljava/lang/String;[BIILjava/security/CodeSource;)Ljava/lang/Class;+12 java.base@20.0.1
j  jdk.internal.loader.BuiltinClassLoader.defineClass(Ljava/lang/String;Ljdk/internal/loader/Resource;)Ljava/lang/Class;+117 java.base@20.0.1
j  jdk.internal.loader.BuiltinClassLoader.findClassOnClassPathOrNull(Ljava/lang/String;)Ljava/lang/Class;+37 java.base@20.0.1
j  jdk.internal.loader.BuiltinClassLoader.loadClassOrNull(Ljava/lang/String;Z)Ljava/lang/Class;+111 java.base@20.0.1
j  jdk.internal.loader.BuiltinClassLoader.loadClass(Ljava/lang/String;Z)Ljava/lang/Class;+3 java.base@20.0.1
j  jdk.internal.loader.ClassLoaders$AppClassLoader.loadClass(Ljava/lang/String;Z)Ljava/lang/Class;+36 java.base@20.0.1
j  java.lang.ClassLoader.loadClass(Ljava/lang/String;)Ljava/lang/Class;+3 java.base@20.0.1
v  ~StubRoutines::call_stub 0x000001c46c5c10e7
j  org.slf4j.helpers.NOPLoggerFactory.getLogger(Ljava/lang/String;)Lorg/slf4j/Logger;+0
j  org.slf4j.LoggerFactory.getLogger(Ljava/lang/String;)Lorg/slf4j/Logger;+6
j  org.slf4j.LoggerFactory.getLogger(Ljava/lang/Class;)Lorg/slf4j/Logger;+4
j  io.github.bonigarcia.wdm.WebDriverManager.<clinit>()V+6
v  ~StubRoutines::call_stub 0x000001c46c5c10e7
j  day01_DriverMethods.C01_Driver.main([Ljava/lang/String;)V+0
v  ~StubRoutines::call_stub 0x000001c46c5c10e7

---------------  P R O C E S S  ---------------

Threads class SMR info:
_java_thread_list=0x000001c47bf61220, length=12, elements={
0x000001c45cfe6bb0, 0x000001c477a055a0, 0x000001c477a06a20, 0x000001c477a0aa60,
0x000001c477a0c6a0, 0x000001c477a0fbc0, 0x000001c477a10ec0, 0x000001c477a149c0,
0x000001c477a15ae0, 0x000001c477abe6e0, 0x000001c47bec8de0, 0x000001c47be5a320
}

Java Threads: ( => current thread )
=>0x000001c45cfe6bb0 JavaThread "main" [_thread_in_vm, id=16256, stack(0x000000ad63d00000,0x000000ad63e00000)]
  0x000001c477a055a0 JavaThread "Reference Handler" daemon [_thread_blocked, id=18164, stack(0x000000ad64400000,0x000000ad64500000)]
  0x000001c477a06a20 JavaThread "Finalizer" daemon [_thread_blocked, id=11164, stack(0x000000ad64500000,0x000000ad64600000)]
  0x000001c477a0aa60 JavaThread "Signal Dispatcher" daemon [_thread_blocked, id=16368, stack(0x000000ad64600000,0x000000ad64700000)]
  0x000001c477a0c6a0 JavaThread "Attach Listener" daemon [_thread_blocked, id=19504, stack(0x000000ad64700000,0x000000ad64800000)]
  0x000001c477a0fbc0 JavaThread "Service Thread" daemon [_thread_blocked, id=17268, stack(0x000000ad64800000,0x000000ad64900000)]
  0x000001c477a10ec0 JavaThread "Monitor Deflation Thread" daemon [_thread_blocked, id=10472, stack(0x000000ad64900000,0x000000ad64a00000)]
  0x000001c477a149c0 JavaThread "C2 CompilerThread0" daemon [_thread_blocked, id=16568, stack(0x000000ad64a00000,0x000000ad64b00000)]
  0x000001c477a15ae0 JavaThread "C1 CompilerThread0" daemon [_thread_blocked, id=5384, stack(0x000000ad64b00000,0x000000ad64c00000)]
  0x000001c477abe6e0 JavaThread "Common-Cleaner" daemon [_thread_blocked, id=7996, stack(0x000000ad64c00000,0x000000ad64d00000)]
  0x000001c47bec8de0 JavaThread "Monitor Ctrl-Break" daemon [_thread_in_native, id=16848, stack(0x000000ad64d00000,0x000000ad64e00000)]
  0x000001c47be5a320 JavaThread "Notification Thread" daemon [_thread_blocked, id=19748, stack(0x000000ad64e00000,0x000000ad64f00000)]

Other Threads:
  0x000001c4779ea690 VMThread "VM Thread" [stack: 0x000000ad64300000,0x000000ad64400000] [id=18312]
  0x000001c45cfe7bd0 WatcherThread "VM Periodic Task Thread" [stack: 0x000000ad64f00000,0x000000ad65000000] [id=19472]
  0x000001c45d026740 WorkerThread "GC Thread#0" [stack: 0x000000ad63e00000,0x000000ad63f00000] [id=20060]
  0x000001c45d02f2d0 ConcurrentGCThread "G1 Main Marker" [stack: 0x000000ad63f00000,0x000000ad64000000] [id=7400]
  0x000001c45d02fd00 WorkerThread "G1 Conc#0" [stack: 0x000000ad64000000,0x000000ad64100000] [id=15860]
  0x000001c45d0808d0 ConcurrentGCThread "G1 Refine#0" [stack: 0x000000ad64100000,0x000000ad64200000] [id=16932]
  0x000001c45d081370 ConcurrentGCThread "G1 Service" [stack: 0x000000ad64200000,0x000000ad64300000] [id=18028]

Threads with active compile tasks:

VM state: not at safepoint (normal execution)

VM Mutex/Monitor currently owned by a thread:  ([mutex/lock_event])
[0x000001c45adf5ee0] Metaspace_lock - owner thread: 0x000001c45cfe6bb0

Heap address: 0x00000000c3400000, size: 972 MB, Compressed Oops mode: 32-bit

CDS archive(s) mapped at: [0x0000000800000000-0x0000000800c60000-0x0000000800c60000), size 12976128, SharedBaseAddress: 0x0000000800000000, ArchiveRelocationMode: 0.
Compressed class space mapped at: 0x0000000801000000-0x0000000841000000, reserved size: 1073741824
Narrow klass base: 0x0000000800000000, Narrow klass shift: 0, Narrow klass range: 0x100000000

GC Precious Log:
 CardTable entry size: 512
 Card Set container configuration: InlinePtr #cards 5 size 8 Array Of Cards #cards 12 size 40 Howl #buckets 4 coarsen threshold 1843 Howl Bitmap #cards 512 size 80 coarsen threshold 460 Card regions per heap region 1 cards per card region 2048
 CPUs: 4 total, 4 available
 Memory: 3885M
 Large Page Support: Disabled
 NUMA Support: Disabled
 Compressed Oops: Enabled (32-bit)
 Heap Region Size: 1M
 Heap Min Capacity: 8M
 Heap Initial Capacity: 62M
 Heap Max Capacity: 972M
 Pre-touch: Disabled
 Parallel Workers: 4
 Concurrent Workers: 1
 Concurrent Refinement Workers: 4
 Periodic GC: Disabled

Heap:
 garbage-first heap   total 63488K, used 7168K [0x00000000c3400000, 0x0000000100000000)
  region size 1024K, 9 young (9216K), 0 survivors (0K)
 Metaspace       used 1184K, committed 1280K, reserved 1114112K
  class space    used 100K, committed 128K, reserved 1048576K

Heap Regions: E=young(eden), S=young(survivor), O=old, HS=humongous(starts), HC=humongous(continues), CS=collection set, F=free, OA=open archive, CA=closed archive, TAMS=top-at-mark-start, PB=parsable bottom
|   0|0x00000000c3400000, 0x00000000c3400000, 0x00000000c3500000|  0%| F|  |TAMS 0x00000000c3400000| PB 0x00000000c3400000| Untracked 
|   1|0x00000000c3500000, 0x00000000c3500000, 0x00000000c3600000|  0%| F|  |TAMS 0x00000000c3500000| PB 0x00000000c3500000| Untracked 
|   2|0x00000000c3600000, 0x00000000c3600000, 0x00000000c3700000|  0%| F|  |TAMS 0x00000000c3600000| PB 0x00000000c3600000| Untracked 
|   3|0x00000000c3700000, 0x00000000c3700000, 0x00000000c3800000|  0%| F|  |TAMS 0x00000000c3700000| PB 0x00000000c3700000| Untracked 
|   4|0x00000000c3800000, 0x00000000c3800000, 0x00000000c3900000|  0%| F|  |TAMS 0x00000000c3800000| PB 0x00000000c3800000| Untracked 
|   5|0x00000000c3900000, 0x00000000c3900000, 0x00000000c3a00000|  0%| F|  |TAMS 0x00000000c3900000| PB 0x00000000c3900000| Untracked 
|   6|0x00000000c3a00000, 0x00000000c3a00000, 0x00000000c3b00000|  0%| F|  |TAMS 0x00000000c3a00000| PB 0x00000000c3a00000| Untracked 
|   7|0x00000000c3b00000, 0x00000000c3b00000, 0x00000000c3c00000|  0%| F|  |TAMS 0x00000000c3b00000| PB 0x00000000c3b00000| Untracked 
|   8|0x00000000c3c00000, 0x00000000c3c00000, 0x00000000c3d00000|  0%| F|  |TAMS 0x00000000c3c00000| PB 0x00000000c3c00000| Untracked 
|   9|0x00000000c3d00000, 0x00000000c3d00000, 0x00000000c3e00000|  0%| F|  |TAMS 0x00000000c3d00000| PB 0x00000000c3d00000| Untracked 
|  10|0x00000000c3e00000, 0x00000000c3e00000, 0x00000000c3f00000|  0%| F|  |TAMS 0x00000000c3e00000| PB 0x00000000c3e00000| Untracked 
|  11|0x00000000c3f00000, 0x00000000c3f00000, 0x00000000c4000000|  0%| F|  |TAMS 0x00000000c3f00000| PB 0x00000000c3f00000| Untracked 
|  12|0x00000000c4000000, 0x00000000c4000000, 0x00000000c4100000|  0%| F|  |TAMS 0x00000000c4000000| PB 0x00000000c4000000| Untracked 
|  13|0x00000000c4100000, 0x00000000c4100000, 0x00000000c4200000|  0%| F|  |TAMS 0x00000000c4100000| PB 0x00000000c4100000| Untracked 
|  14|0x00000000c4200000, 0x00000000c4200000, 0x00000000c4300000|  0%| F|  |TAMS 0x00000000c4200000| PB 0x00000000c4200000| Untracked 
|  15|0x00000000c4300000, 0x00000000c4300000, 0x00000000c4400000|  0%| F|  |TAMS 0x00000000c4300000| PB 0x00000000c4300000| Untracked 
|  16|0x00000000c4400000, 0x00000000c4400000, 0x00000000c4500000|  0%| F|  |TAMS 0x00000000c4400000| PB 0x00000000c4400000| Untracked 
|  17|0x00000000c4500000, 0x00000000c4500000, 0x00000000c4600000|  0%| F|  |TAMS 0x00000000c4500000| PB 0x00000000c4500000| Untracked 
|  18|0x00000000c4600000, 0x00000000c4600000, 0x00000000c4700000|  0%| F|  |TAMS 0x00000000c4600000| PB 0x00000000c4600000| Untracked 
|  19|0x00000000c4700000, 0x00000000c4700000, 0x00000000c4800000|  0%| F|  |TAMS 0x00000000c4700000| PB 0x00000000c4700000| Untracked 
|  20|0x00000000c4800000, 0x00000000c4800000, 0x00000000c4900000|  0%| F|  |TAMS 0x00000000c4800000| PB 0x00000000c4800000| Untracked 
|  21|0x00000000c4900000, 0x00000000c4900000, 0x00000000c4a00000|  0%| F|  |TAMS 0x00000000c4900000| PB 0x00000000c4900000| Untracked 
|  22|0x00000000c4a00000, 0x00000000c4a00000, 0x00000000c4b00000|  0%| F|  |TAMS 0x00000000c4a00000| PB 0x00000000c4a00000| Untracked 
|  23|0x00000000c4b00000, 0x00000000c4b00000, 0x00000000c4c00000|  0%| F|  |TAMS 0x00000000c4b00000| PB 0x00000000c4b00000| Untracked 
|  24|0x00000000c4c00000, 0x00000000c4c00000, 0x00000000c4d00000|  0%| F|  |TAMS 0x00000000c4c00000| PB 0x00000000c4c00000| Untracked 
|  25|0x00000000c4d00000, 0x00000000c4d00000, 0x00000000c4e00000|  0%| F|  |TAMS 0x00000000c4d00000| PB 0x00000000c4d00000| Untracked 
|  26|0x00000000c4e00000, 0x00000000c4e00000, 0x00000000c4f00000|  0%| F|  |TAMS 0x00000000c4e00000| PB 0x00000000c4e00000| Untracked 
|  27|0x00000000c4f00000, 0x00000000c4f00000, 0x00000000c5000000|  0%| F|  |TAMS 0x00000000c4f00000| PB 0x00000000c4f00000| Untracked 
|  28|0x00000000c5000000, 0x00000000c5000000, 0x00000000c5100000|  0%| F|  |TAMS 0x00000000c5000000| PB 0x00000000c5000000| Untracked 
|  29|0x00000000c5100000, 0x00000000c5100000, 0x00000000c5200000|  0%| F|  |TAMS 0x00000000c5100000| PB 0x00000000c5100000| Untracked 
|  30|0x00000000c5200000, 0x00000000c5200000, 0x00000000c5300000|  0%| F|  |TAMS 0x00000000c5200000| PB 0x00000000c5200000| Untracked 
|  31|0x00000000c5300000, 0x00000000c5300000, 0x00000000c5400000|  0%| F|  |TAMS 0x00000000c5300000| PB 0x00000000c5300000| Untracked 
|  32|0x00000000c5400000, 0x00000000c5400000, 0x00000000c5500000|  0%| F|  |TAMS 0x00000000c5400000| PB 0x00000000c5400000| Untracked 
|  33|0x00000000c5500000, 0x00000000c5500000, 0x00000000c5600000|  0%| F|  |TAMS 0x00000000c5500000| PB 0x00000000c5500000| Untracked 
|  34|0x00000000c5600000, 0x00000000c5600000, 0x00000000c5700000|  0%| F|  |TAMS 0x00000000c5600000| PB 0x00000000c5600000| Untracked 
|  35|0x00000000c5700000, 0x00000000c5700000, 0x00000000c5800000|  0%| F|  |TAMS 0x00000000c5700000| PB 0x00000000c5700000| Untracked 
|  36|0x00000000c5800000, 0x00000000c5800000, 0x00000000c5900000|  0%| F|  |TAMS 0x00000000c5800000| PB 0x00000000c5800000| Untracked 
|  37|0x00000000c5900000, 0x00000000c5900000, 0x00000000c5a00000|  0%| F|  |TAMS 0x00000000c5900000| PB 0x00000000c5900000| Untracked 
|  38|0x00000000c5a00000, 0x00000000c5a00000, 0x00000000c5b00000|  0%| F|  |TAMS 0x00000000c5a00000| PB 0x00000000c5a00000| Untracked 
|  39|0x00000000c5b00000, 0x00000000c5b00000, 0x00000000c5c00000|  0%| F|  |TAMS 0x00000000c5b00000| PB 0x00000000c5b00000| Untracked 
|  40|0x00000000c5c00000, 0x00000000c5c00000, 0x00000000c5d00000|  0%| F|  |TAMS 0x00000000c5c00000| PB 0x00000000c5c00000| Untracked 
|  41|0x00000000c5d00000, 0x00000000c5d00000, 0x00000000c5e00000|  0%| F|  |TAMS 0x00000000c5d00000| PB 0x00000000c5d00000| Untracked 
|  42|0x00000000c5e00000, 0x00000000c5e00000, 0x00000000c5f00000|  0%| F|  |TAMS 0x00000000c5e00000| PB 0x00000000c5e00000| Untracked 
|  43|0x00000000c5f00000, 0x00000000c5f00000, 0x00000000c6000000|  0%| F|  |TAMS 0x00000000c5f00000| PB 0x00000000c5f00000| Untracked 
|  44|0x00000000c6000000, 0x00000000c6000000, 0x00000000c6100000|  0%| F|  |TAMS 0x00000000c6000000| PB 0x00000000c6000000| Untracked 
|  45|0x00000000c6100000, 0x00000000c6100000, 0x00000000c6200000|  0%| F|  |TAMS 0x00000000c6100000| PB 0x00000000c6100000| Untracked 
|  46|0x00000000c6200000, 0x00000000c6200000, 0x00000000c6300000|  0%| F|  |TAMS 0x00000000c6200000| PB 0x00000000c6200000| Untracked 
|  47|0x00000000c6300000, 0x00000000c6300000, 0x00000000c6400000|  0%| F|  |TAMS 0x00000000c6300000| PB 0x00000000c6300000| Untracked 
|  48|0x00000000c6400000, 0x00000000c6400000, 0x00000000c6500000|  0%| F|  |TAMS 0x00000000c6400000| PB 0x00000000c6400000| Untracked 
|  49|0x00000000c6500000, 0x00000000c6500000, 0x00000000c6600000|  0%| F|  |TAMS 0x00000000c6500000| PB 0x00000000c6500000| Untracked 
|  50|0x00000000c6600000, 0x00000000c6600000, 0x00000000c6700000|  0%| F|  |TAMS 0x00000000c6600000| PB 0x00000000c6600000| Untracked 
|  51|0x00000000c6700000, 0x00000000c6700000, 0x00000000c6800000|  0%| F|  |TAMS 0x00000000c6700000| PB 0x00000000c6700000| Untracked 
|  52|0x00000000c6800000, 0x00000000c6800000, 0x00000000c6900000|  0%| F|  |TAMS 0x00000000c6800000| PB 0x00000000c6800000| Untracked 
|  53|0x00000000c6900000, 0x00000000c699e020, 0x00000000c6a00000| 61%| E|  |TAMS 0x00000000c6900000| PB 0x00000000c6900000| Complete 
|  54|0x00000000c6a00000, 0x00000000c6b00000, 0x00000000c6b00000|100%| E|  |TAMS 0x00000000c6a00000| PB 0x00000000c6a00000| Complete 
|  55|0x00000000c6b00000, 0x00000000c6c00000, 0x00000000c6c00000|100%| E|CS|TAMS 0x00000000c6b00000| PB 0x00000000c6b00000| Complete 
|  56|0x00000000c6c00000, 0x00000000c6d00000, 0x00000000c6d00000|100%| E|CS|TAMS 0x00000000c6c00000| PB 0x00000000c6c00000| Complete 
|  57|0x00000000c6d00000, 0x00000000c6e00000, 0x00000000c6e00000|100%| E|CS|TAMS 0x00000000c6d00000| PB 0x00000000c6d00000| Complete 
|  58|0x00000000c6e00000, 0x00000000c6f00000, 0x00000000c6f00000|100%| E|CS|TAMS 0x00000000c6e00000| PB 0x00000000c6e00000| Complete 
|  59|0x00000000c6f00000, 0x00000000c7000000, 0x00000000c7000000|100%| E|CS|TAMS 0x00000000c6f00000| PB 0x00000000c6f00000| Complete 
|  60|0x00000000c7000000, 0x00000000c7100000, 0x00000000c7100000|100%| E|CS|TAMS 0x00000000c7000000| PB 0x00000000c7000000| Complete 
|  61|0x00000000c7100000, 0x00000000c7200000, 0x00000000c7200000|100%| E|CS|TAMS 0x00000000c7100000| PB 0x00000000c7100000| Complete 

Card table byte_map: [0x000001c474280000,0x000001c474470000] _byte_map_base: 0x000001c473c66000

Marking Bits: (CMBitMap*) 0x000001c45d026d70
 Bits: [0x000001c474660000, 0x000001c475590000)

Polling page: 0x000001c45af30000

Metaspace:

Usage:
  Non-class:      1.06 MB used.
      Class:    100.66 KB used.
       Both:      1.16 MB used.

Virtual space:
  Non-class space:       64.00 MB reserved,       1.12 MB (  2%) committed,  1 nodes.
      Class space:        1.00 GB reserved,     128.00 KB ( <1%) committed,  1 nodes.
             Both:        1.06 GB reserved,       1.25 MB ( <1%) committed. 

Chunk freelists:
   Non-Class:  3.73 MB
       Class:  3.70 MB
        Both:  7.44 MB

MaxMetaspaceSize: unlimited
CompressedClassSpaceSize: 1.00 GB
Initial GC threshold: 21.00 MB
Current GC threshold: 21.00 MB
CDS: on
MetaspaceReclaimPolicy: balanced
 - commit_granule_bytes: 65536.
 - commit_granule_words: 8192.
 - virtual_space_node_default_size: 8388608.
 - enlarge_chunks_in_place: 1.
 - new_chunks_are_fully_committed: 0.
 - uncommit_free_chunks: 1.
 - use_allocation_guard: 0.


Internal statistics:

num_allocs_failed_limit: 0.
num_arena_births: 24.
num_arena_deaths: 0.
num_vsnodes_births: 2.
num_vsnodes_deaths: 0.
num_space_committed: 20.
num_space_uncommitted: 0.
num_chunks_returned_to_freelist: 0.
num_chunks_taken_from_freelist: 41.
num_chunk_merges: 0.
num_chunk_splits: 27.
num_chunks_enlarged: 17.
num_inconsistent_stats: 0.

CodeHeap 'non-profiled nmethods': size=120000Kb used=145Kb max_used=145Kb free=119854Kb
 bounds [0x000001c46cb60000, 0x000001c46cdd0000, 0x000001c474090000]
CodeHeap 'profiled nmethods': size=120000Kb used=550Kb max_used=550Kb free=119449Kb
 bounds [0x000001c465090000, 0x000001c465300000, 0x000001c46c5c0000]
CodeHeap 'non-nmethods': size=5760Kb used=1462Kb max_used=1476Kb free=4297Kb
 bounds [0x000001c46c5c0000, 0x000001c46c830000, 0x000001c46cb60000]
 total_blobs=855 nmethods=437 adapters=329
 compilation: enabled
              stopped_count=0, restarted_count=0
 full_count=0

Compilation events (20 events):
Event: 0.776 Thread 0x000001c477a149c0 nmethod 426 0x000001c46cb83590 code [0x000001c46cb83700, 0x000001c46cb83768]
Event: 0.776 Thread 0x000001c477a15ae0 nmethod 428 0x000001c465116610 code [0x000001c4651167a0, 0x000001c465116928]
Event: 0.776 Thread 0x000001c477a15ae0  429   !   3       java.nio.DirectByteBuffer::get (34 bytes)
Event: 0.777 Thread 0x000001c477a15ae0 nmethod 429 0x000001c465116990 code [0x000001c465116be0, 0x000001c465117578]
Event: 0.777 Thread 0x000001c477a15ae0  430       3       java.nio.DirectByteBuffer::ix (10 bytes)
Event: 0.777 Thread 0x000001c477a15ae0 nmethod 430 0x000001c465117a10 code [0x000001c465117ba0, 0x000001c465117cb8]
Event: 0.785 Thread 0x000001c477a149c0  431       4       java.util.Objects::requireNonNull (14 bytes)
Event: 0.786 Thread 0x000001c477a149c0 nmethod 431 0x000001c46cb83890 code [0x000001c46cb83a00, 0x000001c46cb83a80]
Event: 0.788 Thread 0x000001c477a15ae0  432       3       java.util.concurrent.ConcurrentHashMap$Node::<init> (20 bytes)
Event: 0.789 Thread 0x000001c477a15ae0 nmethod 432 0x000001c465117d90 code [0x000001c465117f20, 0x000001c465118150]
Event: 0.791 Thread 0x000001c477a15ae0  433       1       java.nio.Buffer::limit (5 bytes)
Event: 0.791 Thread 0x000001c477a15ae0 nmethod 433 0x000001c46cb83b90 code [0x000001c46cb83d00, 0x000001c46cb83dc8]
Event: 0.791 Thread 0x000001c477a15ae0  434       3       jdk.internal.jimage.ImageStringsReader::unmaskedHashCode (166 bytes)
Event: 0.792 Thread 0x000001c477a15ae0 nmethod 434 0x000001c465118210 code [0x000001c465118440, 0x000001c465118fa8]
Event: 0.794 Thread 0x000001c477a149c0  435       4       java.util.concurrent.ConcurrentHashMap::casTabAt (21 bytes)
Event: 0.796 Thread 0x000001c477a149c0 nmethod 435 0x000001c46cb83e90 code [0x000001c46cb84000, 0x000001c46cb84140]
Event: 0.799 Thread 0x000001c477a15ae0  436       3       jdk.internal.jimage.ImageLocation::readValue (61 bytes)
Event: 0.800 Thread 0x000001c477a15ae0 nmethod 436 0x000001c465119490 code [0x000001c465119640, 0x000001c4651199e0]
Event: 0.801 Thread 0x000001c477a149c0  437       4       java.nio.DirectByteBuffer::ix (10 bytes)
Event: 0.802 Thread 0x000001c477a149c0 nmethod 437 0x000001c46cb84190 code [0x000001c46cb84300, 0x000001c46cb84390]

GC Heap History (0 events):
No events

Dll operation events (10 events):
Event: 0.042 Loaded shared library C:\Users\soyle\.jdks\openjdk-20.0.1\bin\java.dll
Event: 0.051 Loaded shared library C:\Users\soyle\.jdks\openjdk-20.0.1\bin\jsvml.dll
Event: 0.227 Loaded shared library C:\Users\soyle\.jdks\openjdk-20.0.1\bin\zip.dll
Event: 0.248 Loaded shared library C:\Users\soyle\.jdks\openjdk-20.0.1\bin\instrument.dll
Event: 0.257 Loaded shared library C:\Users\soyle\.jdks\openjdk-20.0.1\bin\net.dll
Event: 0.261 Loaded shared library C:\Users\soyle\.jdks\openjdk-20.0.1\bin\nio.dll
Event: 0.266 Loaded shared library C:\Users\soyle\.jdks\openjdk-20.0.1\bin\zip.dll
Event: 0.473 Loaded shared library C:\Program Files\JetBrains\IntelliJ IDEA Community Edition 2023.1\bin\breakgen64.dll
Event: 0.492 Loaded shared library C:\Users\soyle\.jdks\openjdk-20.0.1\bin\extnet.dll
Event: 0.774 Loaded shared library C:\Users\soyle\.jdks\openjdk-20.0.1\bin\jimage.dll

Deoptimization events (20 events):
Event: 0.269 Thread 0x000001c45cfe6bb0 Uncommon trap: trap_request=0xffffffde fr.pc=0x000001c46cb6e940 relative=0x0000000000000760
Event: 0.269 Thread 0x000001c45cfe6bb0 Uncommon trap: reason=class_check action=maybe_recompile pc=0x000001c46cb6e940 method=java.util.HashMap.putVal(ILjava/lang/Object;Ljava/lang/Object;ZZ)Ljava/lang/Object; @ 152 c2
Event: 0.269 Thread 0x000001c45cfe6bb0 DEOPT PACKING pc=0x000001c46cb6e940 sp=0x000000ad63dfe550
Event: 0.269 Thread 0x000001c45cfe6bb0 DEOPT UNPACKING pc=0x000001c46c5dd2a2 sp=0x000000ad63dfe4d0 mode 2
Event: 0.269 Thread 0x000001c45cfe6bb0 Uncommon trap: trap_request=0xffffffde fr.pc=0x000001c46cb6e940 relative=0x0000000000000760
Event: 0.269 Thread 0x000001c45cfe6bb0 Uncommon trap: reason=class_check action=maybe_recompile pc=0x000001c46cb6e940 method=java.util.HashMap.putVal(ILjava/lang/Object;Ljava/lang/Object;ZZ)Ljava/lang/Object; @ 152 c2
Event: 0.269 Thread 0x000001c45cfe6bb0 DEOPT PACKING pc=0x000001c46cb6e940 sp=0x000000ad63dfe550
Event: 0.269 Thread 0x000001c45cfe6bb0 DEOPT UNPACKING pc=0x000001c46c5dd2a2 sp=0x000000ad63dfe4d0 mode 2
Event: 0.269 Thread 0x000001c45cfe6bb0 Uncommon trap: trap_request=0xffffffde fr.pc=0x000001c46cb6e940 relative=0x0000000000000760
Event: 0.269 Thread 0x000001c45cfe6bb0 Uncommon trap: reason=class_check action=maybe_recompile pc=0x000001c46cb6e940 method=java.util.HashMap.putVal(ILjava/lang/Object;Ljava/lang/Object;ZZ)Ljava/lang/Object; @ 152 c2
Event: 0.269 Thread 0x000001c45cfe6bb0 DEOPT PACKING pc=0x000001c46cb6e940 sp=0x000000ad63dfe550
Event: 0.269 Thread 0x000001c45cfe6bb0 DEOPT UNPACKING pc=0x000001c46c5dd2a2 sp=0x000000ad63dfe4d0 mode 2
Event: 0.320 Thread 0x000001c45cfe6bb0 DEOPT PACKING pc=0x000001c465099a57 sp=0x000000ad63dfe5c0
Event: 0.320 Thread 0x000001c45cfe6bb0 DEOPT UNPACKING pc=0x000001c46c62e462 sp=0x000000ad63dfd9e0 mode 0
Event: 0.338 Thread 0x000001c45cfe6bb0 DEOPT PACKING pc=0x000001c465098841 sp=0x000000ad63dfe230
Event: 0.338 Thread 0x000001c45cfe6bb0 DEOPT UNPACKING pc=0x000001c46c62e462 sp=0x000000ad63dfd6a8 mode 0
Event: 0.426 Thread 0x000001c45cfe6bb0 Uncommon trap: trap_request=0xffffff45 fr.pc=0x000001c46cb72c64 relative=0x0000000000000164
Event: 0.426 Thread 0x000001c45cfe6bb0 Uncommon trap: reason=unstable_if action=reinterpret pc=0x000001c46cb72c64 method=java.util.zip.ZipFile$Source.isMetaName([BII)Z @ 57 c2
Event: 0.426 Thread 0x000001c45cfe6bb0 DEOPT PACKING pc=0x000001c46cb72c64 sp=0x000000ad63dfe090
Event: 0.426 Thread 0x000001c45cfe6bb0 DEOPT UNPACKING pc=0x000001c46c5dd2a2 sp=0x000000ad63dfe038 mode 2

Classes loaded (20 events):
Event: 0.730 Loading class java/lang/IllegalStateException
Event: 0.731 Loading class java/lang/IllegalStateException done
Event: 0.732 Loading class java/lang/NoSuchFieldError
Event: 0.732 Loading class java/lang/NoSuchFieldError done
Event: 0.732 Loading class java/util/ServiceConfigurationError
Event: 0.732 Loading class java/util/ServiceConfigurationError done
Event: 0.739 Loading class java/lang/UnsupportedOperationException
Event: 0.739 Loading class java/lang/UnsupportedOperationException done
Event: 0.742 Loading class java/util/concurrent/LinkedBlockingQueue
Event: 0.742 Loading class java/util/concurrent/BlockingQueue
Event: 0.742 Loading class java/util/concurrent/BlockingQueue done
Event: 0.743 Loading class java/util/AbstractQueue
Event: 0.743 Loading class java/util/AbstractQueue done
Event: 0.743 Loading class java/util/concurrent/LinkedBlockingQueue done
Event: 0.743 Loading class java/util/concurrent/LinkedBlockingQueue$Node
Event: 0.743 Loading class java/util/concurrent/LinkedBlockingQueue$Node done
Event: 0.747 Loading class java/lang/InheritableThreadLocal
Event: 0.747 Loading class java/lang/InheritableThreadLocal done
Event: 0.771 Loading class java/lang/SecurityException
Event: 0.771 Loading class java/lang/SecurityException done

Classes unloaded (0 events):
No events

Classes redefined (0 events):
No events

Internal exceptions (3 events):
Event: 0.430 Thread 0x000001c45cfe6bb0 Exception <a 'java/lang/NoSuchMethodError'{0x00000000c6a68260}: 'void java.lang.invoke.DirectMethodHandle$Holder.invokeStatic(java.lang.Object, java.lang.Object, java.lang.Object)'> (0x00000000c6a68260) 
thrown [s\open\src\hotspot\share\interpreter\linkResolver.cpp, line 773]
Event: 0.438 Thread 0x000001c45cfe6bb0 Exception <a 'java/lang/NoSuchMethodError'{0x00000000c6a7f768}: 'java.lang.Object java.lang.invoke.Invokers$Holder.invokeExact_MT(java.lang.Object, java.lang.Object, java.lang.Object, java.lang.Object, java.lang.Object)'> (0x00000000c6a7f768) 
thrown [s\open\src\hotspot\share\interpreter\linkResolver.cpp, line 773]
Event: 0.494 Thread 0x000001c47bec8de0 Exception <a 'java/lang/NoSuchMethodError'{0x00000000c6aa5e30}: 'void java.lang.invoke.DirectMethodHandle$Holder.invokeStatic(java.lang.Object, java.lang.Object)'> (0x00000000c6aa5e30) 
thrown [s\open\src\hotspot\share\interpreter\linkResolver.cpp, line 773]

VM Operations (4 events):
Event: 0.187 Executing VM operation: HandshakeAllThreads
Event: 0.187 Executing VM operation: HandshakeAllThreads done
Event: 0.477 Executing VM operation: HandshakeAllThreads
Event: 0.477 Executing VM operation: HandshakeAllThreads done

Events (12 events):
Event: 0.052 Thread 0x000001c45cfe6bb0 Thread added: 0x000001c45cfe6bb0
Event: 0.067 Thread 0x000001c477a055a0 Thread added: 0x000001c477a055a0
Event: 0.067 Thread 0x000001c477a06a20 Thread added: 0x000001c477a06a20
Event: 0.067 Thread 0x000001c477a0aa60 Thread added: 0x000001c477a0aa60
Event: 0.067 Thread 0x000001c477a0c6a0 Thread added: 0x000001c477a0c6a0
Event: 0.067 Thread 0x000001c477a0fbc0 Thread added: 0x000001c477a0fbc0
Event: 0.068 Thread 0x000001c477a10ec0 Thread added: 0x000001c477a10ec0
Event: 0.068 Thread 0x000001c477a149c0 Thread added: 0x000001c477a149c0
Event: 0.068 Thread 0x000001c477a15ae0 Thread added: 0x000001c477a15ae0
Event: 0.169 Thread 0x000001c477abe6e0 Thread added: 0x000001c477abe6e0
Event: 0.474 Thread 0x000001c47bec8de0 Thread added: 0x000001c47bec8de0
Event: 0.474 Thread 0x000001c47be5a320 Thread added: 0x000001c47be5a320


Dynamic libraries:
0x00007ff7d32b0000 - 0x00007ff7d32be000 	C:\Users\soyle\.jdks\openjdk-20.0.1\bin\java.exe
0x00007ffda7bb0000 - 0x00007ffda7dc4000 	C:\WINDOWS\SYSTEM32\ntdll.dll
0x00007ffda6530000 - 0x00007ffda65f2000 	C:\WINDOWS\System32\KERNEL32.DLL
0x00007ffda5020000 - 0x00007ffda53c3000 	C:\WINDOWS\System32\KERNELBASE.dll
0x00007ffda5650000 - 0x00007ffda5761000 	C:\WINDOWS\System32\ucrtbase.dll
0x00007ffd82060000 - 0x00007ffd82077000 	C:\Users\soyle\.jdks\openjdk-20.0.1\bin\jli.dll
0x00007ffd7fbf0000 - 0x00007ffd7fc0b000 	C:\Users\soyle\.jdks\openjdk-20.0.1\bin\VCRUNTIME140.dll
0x00007ffda5ea0000 - 0x00007ffda604a000 	C:\WINDOWS\System32\USER32.dll
0x00007ffda5960000 - 0x00007ffda5986000 	C:\WINDOWS\System32\win32u.dll
0x00007ffd8d570000 - 0x00007ffd8d7fe000 	C:\WINDOWS\WinSxS\amd64_microsoft.windows.common-controls_6595b64144ccf1df_6.0.22621.1635_none_270f70857386168e\COMCTL32.dll
0x00007ffda7b40000 - 0x00007ffda7b69000 	C:\WINDOWS\System32\GDI32.dll
0x00007ffda6fa0000 - 0x00007ffda7047000 	C:\WINDOWS\System32\msvcrt.dll
0x00007ffda53d0000 - 0x00007ffda54e9000 	C:\WINDOWS\System32\gdi32full.dll
0x00007ffda54f0000 - 0x00007ffda558a000 	C:\WINDOWS\System32\msvcp_win.dll
0x00007ffda6050000 - 0x00007ffda6081000 	C:\WINDOWS\System32\IMM32.DLL
0x00007ffd8d920000 - 0x00007ffd8d92c000 	C:\Users\soyle\.jdks\openjdk-20.0.1\bin\vcruntime140_1.dll
0x00007ffd6b410000 - 0x00007ffd6b49e000 	C:\Users\soyle\.jdks\openjdk-20.0.1\bin\msvcp140.dll
0x00007ffd28650000 - 0x00007ffd292e7000 	C:\Users\soyle\.jdks\openjdk-20.0.1\bin\server\jvm.dll
0x00007ffda5a90000 - 0x00007ffda5b3e000 	C:\WINDOWS\System32\ADVAPI32.dll
0x00007ffda5990000 - 0x00007ffda5a34000 	C:\WINDOWS\System32\sechost.dll
0x00007ffda5bb0000 - 0x00007ffda5cc7000 	C:\WINDOWS\System32\RPCRT4.dll
0x00007ffd93860000 - 0x00007ffd93869000 	C:\WINDOWS\SYSTEM32\WSOCK32.dll
0x00007ffda6c30000 - 0x00007ffda6ca1000 	C:\WINDOWS\System32\WS2_32.dll
0x00007ffd9f500000 - 0x00007ffd9f50a000 	C:\WINDOWS\SYSTEM32\VERSION.dll
0x00007ffd9eaf0000 - 0x00007ffd9eb24000 	C:\WINDOWS\SYSTEM32\WINMM.dll
0x00007ffda3ff0000 - 0x00007ffda4008000 	C:\WINDOWS\SYSTEM32\kernel.appcore.dll
0x00007ffd8d810000 - 0x00007ffd8d81a000 	C:\Users\soyle\.jdks\openjdk-20.0.1\bin\jimage.dll
0x00007ffd934c0000 - 0x00007ffd936ee000 	C:\WINDOWS\SYSTEM32\DBGHELP.DLL
0x00007ffda6600000 - 0x00007ffda6989000 	C:\WINDOWS\System32\combase.dll
0x00007ffda6a90000 - 0x00007ffda6b67000 	C:\WINDOWS\System32\OLEAUT32.dll
0x00007ffd90480000 - 0x00007ffd904b2000 	C:\WINDOWS\SYSTEM32\dbgcore.DLL
0x00007ffda58e0000 - 0x00007ffda595a000 	C:\WINDOWS\System32\bcryptPrimitives.dll
0x00007ffd7b7e0000 - 0x00007ffd7b7ee000 	C:\Users\soyle\.jdks\openjdk-20.0.1\bin\instrument.dll
0x00007ffd7ccd0000 - 0x00007ffd7ccf6000 	C:\Users\soyle\.jdks\openjdk-20.0.1\bin\java.dll
0x00007ffd6a770000 - 0x00007ffd6a847000 	C:\Users\soyle\.jdks\openjdk-20.0.1\bin\jsvml.dll
0x00007ffda7340000 - 0x00007ffda7b39000 	C:\WINDOWS\System32\SHELL32.dll
0x00007ffda2fa0000 - 0x00007ffda386e000 	C:\WINDOWS\SYSTEM32\windows.storage.dll
0x00007ffda2e60000 - 0x00007ffda2f9e000 	C:\WINDOWS\SYSTEM32\wintypes.dll
0x00007ffda6990000 - 0x00007ffda6a81000 	C:\WINDOWS\System32\SHCORE.dll
0x00007ffda5dd0000 - 0x00007ffda5e2e000 	C:\WINDOWS\System32\shlwapi.dll
0x00007ffda4ee0000 - 0x00007ffda4f06000 	C:\WINDOWS\SYSTEM32\profapi.dll
0x00007ffd77c40000 - 0x00007ffd77c58000 	C:\Users\soyle\.jdks\openjdk-20.0.1\bin\zip.dll
0x00007ffd7d370000 - 0x00007ffd7d383000 	C:\Users\soyle\.jdks\openjdk-20.0.1\bin\net.dll
0x00007ffd9d830000 - 0x00007ffd9d967000 	C:\WINDOWS\SYSTEM32\WINHTTP.dll
0x00007ffda4470000 - 0x00007ffda44d9000 	C:\WINDOWS\system32\mswsock.dll
0x00007ffd7bbd0000 - 0x00007ffd7bbe6000 	C:\Users\soyle\.jdks\openjdk-20.0.1\bin\nio.dll
0x00007ffd7b6e0000 - 0x00007ffd7b6fa000 	C:\Program Files\JetBrains\IntelliJ IDEA Community Edition 2023.1\bin\breakgen64.dll
0x00007ffd82480000 - 0x00007ffd82487000 	C:\Users\soyle\.jdks\openjdk-20.0.1\bin\extnet.dll

dbghelp: loaded successfully - version: 4.0.5 - missing functions: none
symbol engine: initialized successfully - sym options: 0x614 - pdb path: .;C:\Users\soyle\.jdks\openjdk-20.0.1\bin;C:\WINDOWS\SYSTEM32;C:\WINDOWS\WinSxS\amd64_microsoft.windows.common-controls_6595b64144ccf1df_6.0.22621.1635_none_270f70857386168e;C:\Users\soyle\.jdks\openjdk-20.0.1\bin\server;C:\Program Files\JetBrains\IntelliJ IDEA Community Edition 2023.1\bin

VM Arguments:
jvm_args: -javaagent:C:\Program Files\JetBrains\IntelliJ IDEA Community Edition 2023.1\lib\idea_rt.jar=61078:C:\Program Files\JetBrains\IntelliJ IDEA Community Edition 2023.1\bin -Dfile.encoding=UTF-8 -Dsun.stdout.encoding=UTF-8 -Dsun.stderr.encoding=UTF-8 
java_command: day01_DriverMethods.C01_Driver
java_class_path (initial): C:\Users\soyle\IdeaProjects\Batch171SeleniumProject\target\test-classes;C:\Users\soyle\.m2\repository\io\github\bonigarcia\webdrivermanager\5.3.2\webdrivermanager-5.3.2.jar;C:\Users\soyle\.m2\repository\org\slf4j\slf4j-api\2.0.6\slf4j-api-2.0.6.jar;C:\Users\soyle\.m2\repository\com\google\code\gson\gson\2.10.1\gson-2.10.1.jar;C:\Users\soyle\.m2\repository\com\github\docker-java\docker-java\3.2.14\docker-java-3.2.14.jar;C:\Users\soyle\.m2\repository\com\github\docker-java\docker-java-core\3.2.14\docker-java-core-3.2.14.jar;C:\Users\soyle\.m2\repository\com\github\docker-java\docker-java-api\3.2.14\docker-java-api-3.2.14.jar;C:\Users\soyle\.m2\repository\com\fasterxml\jackson\core\jackson-annotations\2.10.3\jackson-annotations-2.10.3.jar;C:\Users\soyle\.m2\repository\commons-io\commons-io\2.6\commons-io-2.6.jar;C:\Users\soyle\.m2\repository\org\apache\commons\commons-compress\1.21\commons-compress-1.21.jar;C:\Users\soyle\.m2\repository\com\fasterxml\jackson\core\jackson-databind\2.10.3\jackson-databind-2.10.3.jar;C:\Users\soyle\.m2\repository\com\fasterxml\jackson\core\jackson-core\2.10.3\jackson-core-2.10.3.jar;C:\Users\soyle\.m2\repository\org\bouncycastle\bcpkix-jdk15on\1.64\bcpkix-jdk15on-1.64.jar;C:\Users\soyle\.m2\repository\org\bouncycastle\bcprov-jdk15on\1.64\bcprov-jdk15on-1.64.jar;C:\Users\soyle\.m2\repository\org\slf4j\jcl-over-slf4j\1.7.30\jcl-over-slf4j-1.7.30.jar;C:\Users\soyle\.m2\repository\com\github\docker-java\docker-java-transport-httpclient5\3.2.14\docker-java-transport-httpclient5-3.2.14.jar;C:\Users\soyle\.m2\repository\com\github\docker-java\docker-java-transport\3.2.14\docker-java-transport-3.2.14.jar;C:\Users\soyle\.m2\repository\net\java\dev\jna\jna\5.12.1\jna-5.12.1.jar;C:\Users\soyle\.m2\repository\org\brotli\dec\0.1.2\dec-0.1.2.jar;C:\Users\soyle\.m2\repository\org\apache\commons\commons-lang3\3.12.0\commons-lang3-3.12.0.jar;C:\Users\soyle\.m2\repository\org\apache\httpcomponents\client5\httpclient5\5.2.1\httpclient5-5.2.1.jar;C:\Users\soyle\.m2\repository\org\apache\httpcomponents\core5\httpcore5\5.2\httpcore5-5.2.jar;C:\Users\soyle\.m2\repository\org\apache\httpcomponents\core5\httpcore5-h2\5.2\httpcore5-h2-5.2.jar;C:\Users\soyle\.m2\repository\org\seleniumhq\selenium\selenium-java\4.10.0\selenium-java-4.10.0.jar;C:\Users\soyle\.m2\repository\org\seleniumhq\selenium\selenium-api\4.10.0\selenium-api-4.10.0.jar;C:\Users\soyle\.m2\repository\org\seleniumhq\selenium\selenium-chrome-driver\4.10.0\selenium-chrome-driver-4.10.0.jar;C:\Users\soyle\.m2\repository\com\google\auto\service\auto-service-annotations\1.0.1\auto-service-annotations-1.0.1.jar;C:\Users\soyle\.m2\repository\com\google\auto\service\auto-service\1.0.1\auto-service-1.0.1.jar;C:\Users\soyle\.m2\repository\com\google\auto\auto-common\1.2\auto-common-1.2.jar;C:\Users\soyle\.m2\repository\com\google\guava\guava\31.1-jre\guava-31.1-jre.jar;C:\Users\soyle\.m2\repository\com\google\guava\failureaccess\1.0.1\failureaccess-1.0.1.jar;C:\Users\soyle\.m2\repository\com\google\guava\listenablefuture\9999.0-empty-to-avoid-conflict-with-guava\listenablefuture-9999.0-empty-to-avoid-conflict-with-guava.jar;C:\Users\soyle\.m2\repository\com\google\code\findbugs\jsr305\3.0.2\jsr305-3.0.2.jar;C:\Users\soyle\.m2\repository\org\checkerframework\checker-qual\3.12.0\checker-qual-3.12.0.jar;C:\Users\soyle\.m2\repository\com\google\errorprone\error_prone_annotations\2.11.0\error_prone_annotations-2.11.0.jar;C:\Users\soyle\.m2\repository\com\google\j2objc\j2objc-annotations\1.3\j2objc-annotations-1.3.jar;C:\Users\soyle\.m2\repository\org\seleniumhq\selenium\selenium-chromium-driver\4.10.0\selenium-chromium-driver-4.10.0.jar;C:\Users\soyle\.m2\repository\org\seleniumhq\selenium\selenium-json\4.10.0\selenium-json-4.10.0.jar;C:\Users\soyle\.m2\repository\org\seleniumhq\selenium\selenium-manager\4.10.0\selenium-manager-4.10.0.jar;C:\Users\soyle\.m2\repository\org\seleniumhq\selenium\selenium-devtools-v112\4.10.0\selenium-devtools-v112-4.10.0.jar;C:\Users\soyle\.m2\repository\org\seleniumhq\selenium\selenium-devtools-v113\4.10.0\selenium-devtools-v113-4.10.0.jar;C:\Users\soyle\.m2\repository\org\seleniumhq\selenium\selenium-devtools-v114\4.10.0\selenium-devtools-v114-4.10.0.jar;C:\Users\soyle\.m2\repository\org\seleniumhq\selenium\selenium-devtools-v85\4.10.0\selenium-devtools-v85-4.10.0.jar;C:\Users\soyle\.m2\repository\org\seleniumhq\selenium\selenium-edge-driver\4.10.0\selenium-edge-driver-4.10.0.jar;C:\Users\soyle\.m2\repository\org\seleniumhq\selenium\selenium-firefox-driver\4.10.0\selenium-firefox-driver-4.10.0.jar;C:\Users\soyle\.m2\repository\org\seleniumhq\selenium\selenium-http\4.10.0\selenium-http-4.10.0.jar;C:\Users\soyle\.m2\repository\dev\failsafe\failsafe\3.3.1\failsafe-3.3.1.jar;C:\Users\soyle\.m2\repository\org\seleniumhq\selenium\selenium-ie-driver\4.10.0\selenium-ie-driver-4.10.0.jar;C:\Users\soyle\.m2\repository\org\seleniumhq\selenium\selenium-remote-driver\4.10.0\selenium-remote-driver-4.10.0.jar;C:\Users\soyle\.m2\repository\io\netty\netty-buffer\4.1.92.Final\netty-buffer-4.1.92.Final.jar;C:\Users\soyle\.m2\repository\io\netty\netty-codec-http\4.1.92.Final\netty-codec-http-4.1.92.Final.jar;C:\Users\soyle\.m2\repository\io\netty\netty-codec\4.1.92.Final\netty-codec-4.1.92.Final.jar;C:\Users\soyle\.m2\repository\io\netty\netty-handler\4.1.92.Final\netty-handler-4.1.92.Final.jar;C:\Users\soyle\.m2\repository\io\netty\netty-common\4.1.92.Final\netty-common-4.1.92.Final.jar;C:\Users\soyle\.m2\repository\io\netty\netty-transport-classes-epoll\4.1.92.Final\netty-transport-classes-epoll-4.1.92.Final.jar;C:\Users\soyle\.m2\repository\io\netty\netty-transport-classes-kqueue\4.1.92.Final\netty-transport-classes-kqueue-4.1.92.Final.jar;C:\Users\soyle\.m2\repository\io\netty\netty-transport-native-epoll\4.1.92.Final\netty-transport-native-epoll-4.1.92.Final.jar;C:\Users\soyle\.m2\repository\io\netty\netty-transport-native-kqueue\4.1.92.Final\netty-transport-native-kqueue-4.1.92.Final.jar;C:\Users\soyle\.m2\repository\io\netty\netty-transport-native-unix-common\4.1.92.Final\netty-transport-native-unix-common-4.1.92.Final.jar;C:\Users\soyle\.m2\repository\io\netty\netty-transport\4.1.92.Final\netty-transport-4.1.92.Final.jar;C:\Users\soyle\.m2\repository\io\netty\netty-resolver\4.1.92.Final\netty-resolver-4.1.92.Final.jar;C:\Users\soyle\.m2\repository\io\opentelemetry\opentelemetry-api\1.26.0\opentelemetry-api-1.26.0.jar;C:\Users\soyle\.m2\repository\io\opentelemetry\opentelemetry-context\1.26.0\opentelemetry-context-1.26.0.jar;C:\Users\soyle\.m2\repository\io\opentelemetry\opentelemetry-exporter-logging\1.26.0\opentelemetry-exporter-logging-1.26.0.jar;C:\Users\soyle\.m2\repository\io\opentelemetry\opentelemetry-sdk-metrics\1.26.0\opentelemetry-sdk-metrics-1.26.0.jar;C:\Users\soyle\.m2\repository\io\opentelemetry\opentelemetry-extension-incubator\1.26.0-alpha\opentelemetry-extension-incubator-1.26.0-alpha.jar;C:\Users\soyle\.m2\repository\io\opentelemetry\opentelemetry-sdk-logs\1.26.0-alpha\opentelemetry-sdk-logs-1.26.0-alpha.jar;C:\Users\soyle\.m2\repository\io\opentelemetry\opentelemetry-api-logs\1.26.0-alpha\opentelemetry-api-logs-1.26.0-alpha.jar;C:\Users\soyle\.m2\repository\io\opentelemetry\opentelemetry-api-events\1.26.0-alpha\opentelemetry-api-events-1.26.0-alpha.jar;C:\Users\soyle\.m2\repository\io\opentelemetry\opentelemetry-sdk-common\1.26.0\opentelemetry-sdk-common-1.26.0.jar;C:\Users\soyle\.m2\repository\io\opentelemetry\opentelemetry-sdk-extension-autoconfigure-spi\1.26.0\opentelemetry-sdk-extension-autoconfigure-spi-1.26.0.jar;C:\Users\soyle\.m2\repository\io\opentelemetry\opentelemetry-sdk-extension-autoconfigure\1.26.0-alpha\opentelemetry-sdk-extension-autoconfigure-1.26.0-alpha.jar;C:\Users\soyle\.m2\repository\io\opentelemetry\opentelemetry-sdk-trace\1.26.0\opentelemetry-sdk-trace-1.26.0.jar;C:\Users\soyle\.m2\repository\io\opentelemetry\opentelemetry-sdk\1.26.0\opentelemetry-sdk-1.26.0.jar;C:\Users\soyle\.m2\repository\io\opentelemetry\opentelemetry-semconv\1.26.0-alpha\opentelemetry-semconv-1.26.0-alpha.jar;C:\Users\soyle\.m2\repository\net\bytebuddy\byte-buddy\1.14.4\byte-buddy-1.14.4.jar;C:\Users\soyle\.m2\repository\org\apache\commons\commons-exec\1.3\commons-exec-1.3.jar;C:\Users\soyle\.m2\repository\org\asynchttpclient\async-http-client\2.12.3\async-http-client-2.12.3.jar;C:\Users\soyle\.m2\repository\org\asynchttpclient\async-http-client-netty-utils\2.12.3\async-http-client-netty-utils-2.12.3.jar;C:\Users\soyle\.m2\repository\io\netty\netty-codec-socks\4.1.60.Final\netty-codec-socks-4.1.60.Final.jar;C:\Users\soyle\.m2\repository\io\netty\netty-handler-proxy\4.1.60.Final\netty-handler-proxy-4.1.60.Final.jar;C:\Users\soyle\.m2\repository\io\netty\netty-transport-native-epoll\4.1.60.Final\netty-transport-native-epoll-4.1.60.Final-linux-x86_64.jar;C:\Users\soyle\.m2\repository\io\netty\netty-transport-native-kqueue\4.1.60.Final\netty-transport-native-kqueue-4.1.60.Final-osx-x86_64.jar;C:\Users\soyle\.m2\repository\org\reactivestreams\reactive-streams\1.0.3\reactive-streams-1.0.3.jar;C:\Users\soyle\.m2\repository\com\typesafe\netty\netty-reactive-streams\2.0.4\netty-reactive-streams-2.0.4.jar;C:\Users\soyle\.m2\repository\com\sun\activation\jakarta.activation\1.2.2\jakarta.activation-1.2.2.jar;C:\Users\soyle\.m2\repository\org\seleniumhq\selenium\selenium-safari-driver\4.10.0\selenium-safari-driver-4.10.0.jar;C:\Users\soyle\.m2\repository\org\seleniumhq\selenium\selenium-support\4.10.0\selenium-support-4.10.0.jar
Launcher Type: SUN_STANDARD

[Global flags]
     intx CICompilerCount                          = 3                                         {product} {ergonomic}
     uint ConcGCThreads                            = 1                                         {product} {ergonomic}
     uint G1ConcRefinementThreads                  = 4                                         {product} {ergonomic}
   size_t G1HeapRegionSize                         = 1048576                                   {product} {ergonomic}
    uintx GCDrainStackTargetSize                   = 64                                        {product} {ergonomic}
   size_t InitialHeapSize                          = 65011712                                  {product} {ergonomic}
   size_t MarkStackSize                            = 4194304                                   {product} {ergonomic}
   size_t MaxHeapSize                              = 1019215872                                {product} {ergonomic}
   size_t MaxNewSize                               = 611319808                                 {product} {ergonomic}
   size_t MinHeapDeltaBytes                        = 1048576                                   {product} {ergonomic}
   size_t MinHeapSize                              = 8388608                                   {product} {ergonomic}
    uintx NonNMethodCodeHeapSize                   = 5832780                                {pd product} {ergonomic}
    uintx NonProfiledCodeHeapSize                  = 122912730                              {pd product} {ergonomic}
    uintx ProfiledCodeHeapSize                     = 122912730                              {pd product} {ergonomic}
    uintx ReservedCodeCacheSize                    = 251658240                              {pd product} {ergonomic}
     bool SegmentedCodeCache                       = true                                      {product} {ergonomic}
   size_t SoftMaxHeapSize                          = 1019215872                             {manageable} {ergonomic}
     bool UseCompressedClassPointers               = true                           {product lp64_product} {ergonomic}
     bool UseCompressedOops                        = true                           {product lp64_product} {ergonomic}
     bool UseG1GC                                  = true                                      {product} {ergonomic}
     bool UseLargePagesIndividualAllocation        = false                                  {pd product} {ergonomic}

Logging:
Log output configuration:
 #0: stdout all=warning uptime,level,tags foldmultilines=false
 #1: stderr all=off uptime,level,tags foldmultilines=false

Environment Variables:
PATH=C:\Program Files\Common Files\Oracle\Java\javapath;C:\WINDOWS\system32;C:\WINDOWS;C:\WINDOWS\System32\Wbem;C:\WINDOWS\System32\WindowsPowerShell\v1.0\;C:\WINDOWS\System32\OpenSSH\;C:\Program Files\Git\cmd;Program Files-Java-JavaJDK-bin;C:\Users\soyle\AppData\Local\Microsoft\WindowsApps;C:\Users\soyle\AppData\Local\Programs\Microsoft VS Code\bin;C:\Program Files\apache-maven-3.9.3\bin;
USERNAME=soyle
OS=Windows_NT
PROCESSOR_IDENTIFIER=Intel64 Family 6 Model 126 Stepping 5, GenuineIntel
TMP=C:\Users\soyle\AppData\Local\Temp
TEMP=C:\Users\soyle\AppData\Local\Temp




---------------  S Y S T E M  ---------------

OS:
 Windows 11 , 64 bit Build 22621 (10.0.22621.1928)
OS uptime: 5 days 19:33 hours

CPU: total 4 (initial active 4) (2 cores per cpu, 2 threads per core) family 6 model 126 stepping 5 microcode 0xa6, cx8, cmov, fxsr, ht, mmx, 3dnowpref, sse, sse2, sse3, ssse3, sse4.1, sse4.2, popcnt, lzcnt, tsc, tscinvbit, avx, avx2, aes, erms, clmul, bmi1, bmi2, adx, avx512f, avx512dq, avx512cd, avx512bw, avx512vl, sha, fma, vzeroupper, avx512_vpopcntdq, avx512_vpclmulqdq, avx512_vaes, avx512_vnni, clflush, clflushopt, avx512_vbmi2, avx512_vbmi, rdtscp, rdpid, fsrm, gfni, avx512_bitalg, f16c, pku, avx512_ifma

Memory: 4k page, system-wide physical 3885M (868M free)
TotalPageFile size 15661M (AvailPageFile size 0M)
current process WorkingSet (physical memory assigned to process): 45M, peak: 45M
current process commit charge ("private bytes"): 138M, peak: 138M

vm_info: OpenJDK 64-Bit Server VM (20.0.1+9-29) for windows-amd64 JRE (20.0.1+9-29), built on 2023-03-07T13:56:11Z by "mach5one" with MS VC++ 17.1 (VS2022)

END.
